<?xml version="1.0" encoding="UTF-8"?>
<testsuite xmlns:xsi="http://www.w3.org/2001/XMLSchema-instance" xsi:noNamespaceSchemaLocation="https://maven.apache.org/surefire/maven-surefire-plugin/xsd/surefire-test-report.xsd" name="com.cts.MovieBookingApp.models.MovieTest" time="0.613" tests="3" errors="0" skipped="0" failures="0">
  <properties>
[...]
</properties>
  <testcase name="movieIsLoadingOrNot" classname="com.cts.MovieBookingApp.models.MovieTest" time="0.036"/>
  <testcase name="testMovieClassGetterSetter" classname="com.cts.MovieBookingApp.models.MovieTest" time="0.003"/>
  <testcase name="testingMovieClassConstructor" classname="com.cts.MovieBookingApp.models.MovieTest" time="0.003"/>
</testsuite>